{"C:\\Users\\Justin\\GIT\\libraries\\react-custom-tooltip\\jest.setup.js": {"path":"C:\\Users\\Justin\\GIT\\libraries\\react-custom-tooltip\\jest.setup.js","statementMap":{"0":{"start":{"line":6,"column":0},"end":{"line":6,"column":45}}},"fnMap":{},"branchMap":{},"s":{"0":2},"f":{},"b":{},"_coverageSchema":"332fd63041d2c1bcb487cc26dd0d5f7d97098a6c","hash":"f02345eafeb84c8221b7590f9531cfa385814164"}
,"C:\\Users\\Justin\\GIT\\libraries\\react-custom-tooltip\\src\\lib\\Tooltip\\Arrow.jsx": {"path":"C:\\Users\\Justin\\GIT\\libraries\\react-custom-tooltip\\src\\lib\\Tooltip\\Arrow.jsx","statementMap":{"0":{"start":{"line":3,"column":14},"end":{"line":21,"column":1}},"1":{"start":{"line":9,"column":26},"end":{"line":9,"column":53}},"2":{"start":{"line":10,"column":20},"end":{"line":10,"column":61}},"3":{"start":{"line":12,"column":2},"end":{"line":20,"column":4}}},"fnMap":{"0":{"name":"(anonymous_0)","decl":{"start":{"line":3,"column":14},"end":{"line":3,"column":15}},"loc":{"start":{"line":8,"column":6},"end":{"line":21,"column":1}},"line":8}},"branchMap":{"0":{"loc":{"start":{"line":9,"column":26},"end":{"line":9,"column":53}},"type":"cond-expr","locations":[{"start":{"line":9,"column":38},"end":{"line":9,"column":44}},{"start":{"line":9,"column":47},"end":{"line":9,"column":53}}],"line":9},"1":{"loc":{"start":{"line":10,"column":20},"end":{"line":10,"column":61}},"type":"cond-expr","locations":[{"start":{"line":10,"column":27},"end":{"line":10,"column":31}},{"start":{"line":10,"column":34},"end":{"line":10,"column":61}}],"line":10}},"s":{"0":1,"1":47,"2":47,"3":47},"f":{"0":47},"b":{"0":[2,45],"1":[1,46]},"_coverageSchema":"332fd63041d2c1bcb487cc26dd0d5f7d97098a6c","hash":"be10966d888d03d91570daeaeec8e0fa5e7853f7"}
,"C:\\Users\\Justin\\GIT\\libraries\\react-custom-tooltip\\src\\lib\\Tooltip\\TextBox.jsx": {"path":"C:\\Users\\Justin\\GIT\\libraries\\react-custom-tooltip\\src\\lib\\Tooltip\\TextBox.jsx","statementMap":{"0":{"start":{"line":12,"column":20},"end":{"line":13,"column":53}},"1":{"start":{"line":13,"column":18},"end":{"line":13,"column":52}},"2":{"start":{"line":14,"column":19},"end":{"line":14,"column":29}},"3":{"start":{"line":15,"column":18},"end":{"line":15,"column":45}},"4":{"start":{"line":16,"column":17},"end":{"line":18,"column":5}},"5":{"start":{"line":17,"column":37},"end":{"line":17,"column":63}},"6":{"start":{"line":19,"column":4},"end":{"line":19,"column":43}},"7":{"start":{"line":23,"column":4},"end":{"line":23,"column":40}},"8":{"start":{"line":24,"column":4},"end":{"line":24,"column":33}},"9":{"start":{"line":30,"column":4},"end":{"line":30,"column":41}},"10":{"start":{"line":31,"column":73},"end":{"line":31,"column":83}},"11":{"start":{"line":32,"column":4},"end":{"line":39,"column":5}},"12":{"start":{"line":38,"column":6},"end":{"line":38,"column":30}},"13":{"start":{"line":40,"column":4},"end":{"line":40,"column":29}},"14":{"start":{"line":59,"column":8},"end":{"line":59,"column":18}},"15":{"start":{"line":66,"column":8},"end":{"line":66,"column":18}},"16":{"start":{"line":68,"column":21},"end":{"line":71,"column":5}},"17":{"start":{"line":69,"column":6},"end":{"line":70,"column":59}},"18":{"start":{"line":72,"column":21},"end":{"line":74,"column":5}},"19":{"start":{"line":73,"column":6},"end":{"line":73,"column":99}},"20":{"start":{"line":76,"column":23},"end":{"line":84,"column":5}},"21":{"start":{"line":77,"column":6},"end":{"line":79,"column":7}},"22":{"start":{"line":78,"column":8},"end":{"line":78,"column":58}},"23":{"start":{"line":80,"column":6},"end":{"line":82,"column":7}},"24":{"start":{"line":81,"column":8},"end":{"line":81,"column":58}},"25":{"start":{"line":83,"column":6},"end":{"line":83,"column":53}},"26":{"start":{"line":86,"column":27},"end":{"line":86,"column":57}},"27":{"start":{"line":87,"column":22},"end":{"line":87,"column":40}},"28":{"start":{"line":88,"column":4},"end":{"line":88,"column":26}},"29":{"start":{"line":90,"column":24},"end":{"line":115,"column":6}},"30":{"start":{"line":91,"column":20},"end":{"line":94,"column":7}},"31":{"start":{"line":95,"column":6},"end":{"line":95,"column":56}},"32":{"start":{"line":95,"column":28},"end":{"line":95,"column":56}},"33":{"start":{"line":96,"column":6},"end":{"line":99,"column":7}},"34":{"start":{"line":97,"column":8},"end":{"line":97,"column":33}},"35":{"start":{"line":98,"column":8},"end":{"line":98,"column":48}},"36":{"start":{"line":100,"column":6},"end":{"line":102,"column":7}},"37":{"start":{"line":101,"column":8},"end":{"line":101,"column":43}},"38":{"start":{"line":104,"column":16},"end":{"line":104,"column":20}},"39":{"start":{"line":106,"column":6},"end":{"line":106,"column":64}},"40":{"start":{"line":106,"column":20},"end":{"line":106,"column":63}},"41":{"start":{"line":108,"column":25},"end":{"line":113,"column":7}},"42":{"start":{"line":112,"column":27},"end":{"line":112,"column":77}},"43":{"start":{"line":114,"column":6},"end":{"line":114,"column":51}},"44":{"start":{"line":117,"column":15},"end":{"line":117,"column":17}},"45":{"start":{"line":118,"column":16},"end":{"line":118,"column":18}},"46":{"start":{"line":119,"column":14},"end":{"line":119,"column":19}},"47":{"start":{"line":121,"column":21},"end":{"line":121,"column":71}},"48":{"start":{"line":122,"column":22},"end":{"line":122,"column":72}},"49":{"start":{"line":124,"column":4},"end":{"line":129,"column":5}},"50":{"start":{"line":126,"column":6},"end":{"line":126,"column":33}},"51":{"start":{"line":127,"column":11},"end":{"line":129,"column":5}},"52":{"start":{"line":128,"column":6},"end":{"line":128,"column":33}},"53":{"start":{"line":131,"column":4},"end":{"line":157,"column":5}},"54":{"start":{"line":133,"column":8},"end":{"line":133,"column":36}},"55":{"start":{"line":134,"column":8},"end":{"line":134,"column":14}},"56":{"start":{"line":136,"column":8},"end":{"line":136,"column":36}},"57":{"start":{"line":137,"column":8},"end":{"line":137,"column":14}},"58":{"start":{"line":139,"column":8},"end":{"line":139,"column":39}},"59":{"start":{"line":140,"column":8},"end":{"line":140,"column":14}},"60":{"start":{"line":142,"column":8},"end":{"line":142,"column":68}},"61":{"start":{"line":143,"column":8},"end":{"line":143,"column":14}},"62":{"start":{"line":145,"column":8},"end":{"line":145,"column":46}},"63":{"start":{"line":146,"column":8},"end":{"line":148,"column":9}},"64":{"start":{"line":147,"column":10},"end":{"line":147,"column":42}},"65":{"start":{"line":149,"column":8},"end":{"line":151,"column":9}},"66":{"start":{"line":150,"column":10},"end":{"line":150,"column":50}},"67":{"start":{"line":152,"column":8},"end":{"line":152,"column":14}},"68":{"start":{"line":156,"column":8},"end":{"line":156,"column":14}},"69":{"start":{"line":159,"column":4},"end":{"line":173,"column":5}},"70":{"start":{"line":163,"column":8},"end":{"line":163,"column":39}},"71":{"start":{"line":164,"column":8},"end":{"line":164,"column":14}},"72":{"start":{"line":166,"column":8},"end":{"line":166,"column":22}},"73":{"start":{"line":167,"column":8},"end":{"line":167,"column":14}},"74":{"start":{"line":169,"column":8},"end":{"line":169,"column":21}},"75":{"start":{"line":170,"column":8},"end":{"line":170,"column":14}},"76":{"start":{"line":172,"column":8},"end":{"line":172,"column":14}},"77":{"start":{"line":175,"column":23},"end":{"line":175,"column":28}},"78":{"start":{"line":177,"column":4},"end":{"line":181,"column":5}},"79":{"start":{"line":178,"column":6},"end":{"line":178,"column":48}},"80":{"start":{"line":179,"column":6},"end":{"line":179,"column":51}},"81":{"start":{"line":179,"column":25},"end":{"line":179,"column":51}},"82":{"start":{"line":180,"column":6},"end":{"line":180,"column":53}},"83":{"start":{"line":180,"column":26},"end":{"line":180,"column":53}},"84":{"start":{"line":183,"column":21},"end":{"line":189,"column":5}},"85":{"start":{"line":191,"column":23},"end":{"line":191,"column":60}},"86":{"start":{"line":192,"column":23},"end":{"line":192,"column":47}},"87":{"start":{"line":193,"column":16},"end":{"line":193,"column":45}},"88":{"start":{"line":194,"column":22},"end":{"line":194,"column":82}},"89":{"start":{"line":195,"column":18},"end":{"line":195,"column":51}},"90":{"start":{"line":195,"column":28},"end":{"line":195,"column":51}},"91":{"start":{"line":197,"column":4},"end":{"line":234,"column":6}}},"fnMap":{"0":{"name":"(anonymous_0)","decl":{"start":{"line":11,"column":2},"end":{"line":11,"column":3}},"loc":{"start":{"line":11,"column":22},"end":{"line":20,"column":3}},"line":11},"1":{"name":"(anonymous_1)","decl":{"start":{"line":13,"column":11},"end":{"line":13,"column":12}},"loc":{"start":{"line":13,"column":18},"end":{"line":13,"column":52}},"line":13},"2":{"name":"(anonymous_2)","decl":{"start":{"line":17,"column":6},"end":{"line":17,"column":7}},"loc":{"start":{"line":17,"column":37},"end":{"line":17,"column":63}},"line":17},"3":{"name":"(anonymous_3)","decl":{"start":{"line":22,"column":15},"end":{"line":22,"column":16}},"loc":{"start":{"line":22,"column":21},"end":{"line":25,"column":3}},"line":22},"4":{"name":"(anonymous_4)","decl":{"start":{"line":29,"column":16},"end":{"line":29,"column":17}},"loc":{"start":{"line":29,"column":51},"end":{"line":41,"column":3}},"line":29},"5":{"name":"(anonymous_5)","decl":{"start":{"line":43,"column":2},"end":{"line":43,"column":3}},"loc":{"start":{"line":43,"column":11},"end":{"line":235,"column":3}},"line":43},"6":{"name":"(anonymous_6)","decl":{"start":{"line":68,"column":21},"end":{"line":68,"column":22}},"loc":{"start":{"line":68,"column":46},"end":{"line":71,"column":5}},"line":68},"7":{"name":"(anonymous_7)","decl":{"start":{"line":72,"column":21},"end":{"line":72,"column":22}},"loc":{"start":{"line":72,"column":70},"end":{"line":74,"column":5}},"line":72},"8":{"name":"(anonymous_8)","decl":{"start":{"line":76,"column":23},"end":{"line":76,"column":24}},"loc":{"start":{"line":76,"column":48},"end":{"line":84,"column":5}},"line":76},"9":{"name":"(anonymous_9)","decl":{"start":{"line":90,"column":53},"end":{"line":90,"column":54}},"loc":{"start":{"line":90,"column":71},"end":{"line":115,"column":5}},"line":90},"10":{"name":"(anonymous_10)","decl":{"start":{"line":106,"column":12},"end":{"line":106,"column":13}},"loc":{"start":{"line":106,"column":20},"end":{"line":106,"column":63}},"line":106},"11":{"name":"(anonymous_11)","decl":{"start":{"line":112,"column":21},"end":{"line":112,"column":22}},"loc":{"start":{"line":112,"column":27},"end":{"line":112,"column":77}},"line":112},"12":{"name":"(anonymous_12)","decl":{"start":{"line":195,"column":18},"end":{"line":195,"column":19}},"loc":{"start":{"line":195,"column":28},"end":{"line":195,"column":51}},"line":195}},"branchMap":{"0":{"loc":{"start":{"line":32,"column":4},"end":{"line":39,"column":5}},"type":"if","locations":[{"start":{"line":32,"column":4},"end":{"line":39,"column":5}},{"start":{"line":32,"column":4},"end":{"line":39,"column":5}}],"line":32},"1":{"loc":{"start":{"line":32,"column":8},"end":{"line":37,"column":29}},"type":"binary-expr","locations":[{"start":{"line":32,"column":8},"end":{"line":32,"column":18}},{"start":{"line":33,"column":11},"end":{"line":33,"column":22}},{"start":{"line":34,"column":12},"end":{"line":34,"column":37}},{"start":{"line":34,"column":41},"end":{"line":34,"column":61}},{"start":{"line":35,"column":12},"end":{"line":35,"column":31}},{"start":{"line":36,"column":14},"end":{"line":36,"column":36}},{"start":{"line":36,"column":40},"end":{"line":36,"column":63}},{"start":{"line":37,"column":11},"end":{"line":37,"column":28}}],"line":32},"2":{"loc":{"start":{"line":69,"column":13},"end":{"line":70,"column":58}},"type":"cond-expr","locations":[{"start":{"line":70,"column":10},"end":{"line":70,"column":16}},{"start":{"line":70,"column":19},"end":{"line":70,"column":58}}],"line":69},"3":{"loc":{"start":{"line":70,"column":19},"end":{"line":70,"column":58}},"type":"cond-expr","locations":[{"start":{"line":70,"column":46},"end":{"line":70,"column":50}},{"start":{"line":70,"column":53},"end":{"line":70,"column":58}}],"line":70},"4":{"loc":{"start":{"line":73,"column":32},"end":{"line":73,"column":46}},"type":"binary-expr","locations":[{"start":{"line":73,"column":32},"end":{"line":73,"column":41}},{"start":{"line":73,"column":45},"end":{"line":73,"column":46}}],"line":73},"5":{"loc":{"start":{"line":73,"column":81},"end":{"line":73,"column":93}},"type":"binary-expr","locations":[{"start":{"line":73,"column":81},"end":{"line":73,"column":88}},{"start":{"line":73,"column":92},"end":{"line":73,"column":93}}],"line":73},"6":{"loc":{"start":{"line":77,"column":6},"end":{"line":79,"column":7}},"type":"if","locations":[{"start":{"line":77,"column":6},"end":{"line":79,"column":7}},{"start":{"line":77,"column":6},"end":{"line":79,"column":7}}],"line":77},"7":{"loc":{"start":{"line":80,"column":6},"end":{"line":82,"column":7}},"type":"if","locations":[{"start":{"line":80,"column":6},"end":{"line":82,"column":7}},{"start":{"line":80,"column":6},"end":{"line":82,"column":7}}],"line":80},"8":{"loc":{"start":{"line":95,"column":6},"end":{"line":95,"column":56}},"type":"if","locations":[{"start":{"line":95,"column":6},"end":{"line":95,"column":56}},{"start":{"line":95,"column":6},"end":{"line":95,"column":56}}],"line":95},"9":{"loc":{"start":{"line":96,"column":6},"end":{"line":99,"column":7}},"type":"if","locations":[{"start":{"line":96,"column":6},"end":{"line":99,"column":7}},{"start":{"line":96,"column":6},"end":{"line":99,"column":7}}],"line":96},"10":{"loc":{"start":{"line":96,"column":10},"end":{"line":96,"column":43}},"type":"binary-expr","locations":[{"start":{"line":96,"column":10},"end":{"line":96,"column":19}},{"start":{"line":96,"column":23},"end":{"line":96,"column":43}}],"line":96},"11":{"loc":{"start":{"line":100,"column":6},"end":{"line":102,"column":7}},"type":"if","locations":[{"start":{"line":100,"column":6},"end":{"line":102,"column":7}},{"start":{"line":100,"column":6},"end":{"line":102,"column":7}}],"line":100},"12":{"loc":{"start":{"line":100,"column":10},"end":{"line":100,"column":46}},"type":"binary-expr","locations":[{"start":{"line":100,"column":10},"end":{"line":100,"column":23}},{"start":{"line":100,"column":27},"end":{"line":100,"column":46}}],"line":100},"13":{"loc":{"start":{"line":124,"column":4},"end":{"line":129,"column":5}},"type":"if","locations":[{"start":{"line":124,"column":4},"end":{"line":129,"column":5}},{"start":{"line":124,"column":4},"end":{"line":129,"column":5}}],"line":124},"14":{"loc":{"start":{"line":124,"column":8},"end":{"line":125,"column":62}},"type":"binary-expr","locations":[{"start":{"line":124,"column":8},"end":{"line":124,"column":31}},{"start":{"line":125,"column":10},"end":{"line":125,"column":32}},{"start":{"line":125,"column":36},"end":{"line":125,"column":61}}],"line":124},"15":{"loc":{"start":{"line":127,"column":11},"end":{"line":129,"column":5}},"type":"if","locations":[{"start":{"line":127,"column":11},"end":{"line":129,"column":5}},{"start":{"line":127,"column":11},"end":{"line":129,"column":5}}],"line":127},"16":{"loc":{"start":{"line":131,"column":4},"end":{"line":157,"column":5}},"type":"switch","locations":[{"start":{"line":132,"column":6},"end":{"line":134,"column":14}},{"start":{"line":135,"column":6},"end":{"line":137,"column":14}},{"start":{"line":138,"column":6},"end":{"line":140,"column":14}},{"start":{"line":141,"column":6},"end":{"line":143,"column":14}},{"start":{"line":144,"column":6},"end":{"line":152,"column":14}},{"start":{"line":155,"column":6},"end":{"line":156,"column":14}}],"line":131},"17":{"loc":{"start":{"line":142,"column":25},"end":{"line":142,"column":60}},"type":"cond-expr","locations":[{"start":{"line":142,"column":41},"end":{"line":142,"column":51}},{"start":{"line":142,"column":54},"end":{"line":142,"column":60}}],"line":142},"18":{"loc":{"start":{"line":146,"column":8},"end":{"line":148,"column":9}},"type":"if","locations":[{"start":{"line":146,"column":8},"end":{"line":148,"column":9}},{"start":{"line":146,"column":8},"end":{"line":148,"column":9}}],"line":146},"19":{"loc":{"start":{"line":149,"column":8},"end":{"line":151,"column":9}},"type":"if","locations":[{"start":{"line":149,"column":8},"end":{"line":151,"column":9}},{"start":{"line":149,"column":8},"end":{"line":151,"column":9}}],"line":149},"20":{"loc":{"start":{"line":159,"column":4},"end":{"line":173,"column":5}},"type":"switch","locations":[{"start":{"line":162,"column":6},"end":{"line":164,"column":14}},{"start":{"line":165,"column":6},"end":{"line":167,"column":14}},{"start":{"line":168,"column":6},"end":{"line":170,"column":14}},{"start":{"line":171,"column":6},"end":{"line":172,"column":14}}],"line":159},"21":{"loc":{"start":{"line":177,"column":4},"end":{"line":181,"column":5}},"type":"if","locations":[{"start":{"line":177,"column":4},"end":{"line":181,"column":5}},{"start":{"line":177,"column":4},"end":{"line":181,"column":5}}],"line":177},"22":{"loc":{"start":{"line":179,"column":6},"end":{"line":179,"column":51}},"type":"if","locations":[{"start":{"line":179,"column":6},"end":{"line":179,"column":51}},{"start":{"line":179,"column":6},"end":{"line":179,"column":51}}],"line":179},"23":{"loc":{"start":{"line":180,"column":6},"end":{"line":180,"column":53}},"type":"if","locations":[{"start":{"line":180,"column":6},"end":{"line":180,"column":53}},{"start":{"line":180,"column":6},"end":{"line":180,"column":53}}],"line":180},"24":{"loc":{"start":{"line":191,"column":23},"end":{"line":191,"column":60}},"type":"cond-expr","locations":[{"start":{"line":191,"column":30},"end":{"line":191,"column":45}},{"start":{"line":191,"column":48},"end":{"line":191,"column":60}}],"line":191},"25":{"loc":{"start":{"line":192,"column":23},"end":{"line":192,"column":47}},"type":"cond-expr","locations":[{"start":{"line":192,"column":31},"end":{"line":192,"column":42}},{"start":{"line":192,"column":45},"end":{"line":192,"column":47}}],"line":192},"26":{"loc":{"start":{"line":193,"column":16},"end":{"line":193,"column":45}},"type":"binary-expr","locations":[{"start":{"line":193,"column":16},"end":{"line":193,"column":21}},{"start":{"line":193,"column":25},"end":{"line":193,"column":45}}],"line":193},"27":{"loc":{"start":{"line":194,"column":22},"end":{"line":194,"column":82}},"type":"cond-expr","locations":[{"start":{"line":194,"column":30},"end":{"line":194,"column":75}},{"start":{"line":194,"column":78},"end":{"line":194,"column":82}}],"line":194},"28":{"loc":{"start":{"line":195,"column":28},"end":{"line":195,"column":51}},"type":"cond-expr","locations":[{"start":{"line":195,"column":41},"end":{"line":195,"column":47}},{"start":{"line":195,"column":50},"end":{"line":195,"column":51}}],"line":195},"29":{"loc":{"start":{"line":224,"column":23},"end":{"line":224,"column":53}},"type":"cond-expr","locations":[{"start":{"line":224,"column":35},"end":{"line":224,"column":46}},{"start":{"line":224,"column":49},"end":{"line":224,"column":53}}],"line":224}},"s":{"0":25,"1":27,"2":25,"3":25,"4":25,"5":27,"6":25,"7":1,"8":1,"9":3,"10":3,"11":3,"12":2,"13":1,"14":72,"15":72,"16":72,"17":144,"18":72,"19":72,"20":72,"21":69,"22":61,"23":8,"24":2,"25":6,"26":72,"27":72,"28":72,"29":72,"30":76,"31":76,"32":0,"33":76,"34":2,"35":2,"36":76,"37":0,"38":76,"39":76,"40":152,"41":76,"42":3,"43":76,"44":72,"45":72,"46":72,"47":72,"48":72,"49":72,"50":1,"51":71,"52":0,"53":72,"54":1,"55":1,"56":1,"57":1,"58":69,"59":69,"60":0,"61":0,"62":0,"63":0,"64":0,"65":0,"66":0,"67":0,"68":1,"69":72,"70":3,"71":3,"72":3,"73":3,"74":60,"75":60,"76":6,"77":72,"78":72,"79":72,"80":72,"81":0,"82":72,"83":0,"84":72,"85":72,"86":72,"87":72,"88":72,"89":72,"90":288,"91":72},"f":{"0":25,"1":27,"2":27,"3":1,"4":3,"5":72,"6":144,"7":72,"8":69,"9":76,"10":152,"11":3,"12":288},"b":{"0":[2,1],"1":[3,2,2,2,0,0,0,0],"2":[128,16],"3":[4,12],"4":[72,72],"5":[72,61],"6":[61,8],"7":[2,6],"8":[0,76],"9":[2,74],"10":[76,74],"11":[0,76],"12":[76,1],"13":[1,71],"14":[72,1,1],"15":[0,71],"16":[1,1,69,0,0,1],"17":[0,0],"18":[0,0],"19":[0,0],"20":[3,3,60,6],"21":[72,0],"22":[0,72],"23":[0,72],"24":[1,71],"25":[0,72],"26":[72,72],"27":[0,72],"28":[0,288],"29":[70,2]},"_coverageSchema":"332fd63041d2c1bcb487cc26dd0d5f7d97098a6c","hash":"34c3936f13357912aaad05bc6463922e4eee56b0"}
,"C:\\Users\\Justin\\GIT\\libraries\\react-custom-tooltip\\src\\lib\\Tooltip\\delayUnmount.jsx": {"path":"C:\\Users\\Justin\\GIT\\libraries\\react-custom-tooltip\\src\\lib\\Tooltip\\delayUnmount.jsx","statementMap":{"0":{"start":{"line":10,"column":24},"end":{"line":10,"column":34}},"1":{"start":{"line":11,"column":6},"end":{"line":21,"column":7}},"2":{"start":{"line":12,"column":8},"end":{"line":17,"column":10}},"3":{"start":{"line":14,"column":12},"end":{"line":14,"column":66}},"4":{"start":{"line":14,"column":34},"end":{"line":14,"column":66}},"5":{"start":{"line":18,"column":13},"end":{"line":21,"column":7}},"6":{"start":{"line":20,"column":8},"end":{"line":20,"column":39}},"7":{"start":{"line":25,"column":6},"end":{"line":25,"column":74}},"8":{"start":{"line":28,"column":2},"end":{"line":28,"column":27}}},"fnMap":{"0":{"name":"(anonymous_0)","decl":{"start":{"line":3,"column":15},"end":{"line":3,"column":16}},"loc":{"start":{"line":3,"column":35},"end":{"line":29,"column":1}},"line":3},"1":{"name":"(anonymous_1)","decl":{"start":{"line":9,"column":4},"end":{"line":9,"column":5}},"loc":{"start":{"line":9,"column":34},"end":{"line":22,"column":5}},"line":9},"2":{"name":"(anonymous_2)","decl":{"start":{"line":13,"column":10},"end":{"line":13,"column":11}},"loc":{"start":{"line":13,"column":16},"end":{"line":15,"column":11}},"line":13},"3":{"name":"(anonymous_3)","decl":{"start":{"line":24,"column":4},"end":{"line":24,"column":5}},"loc":{"start":{"line":24,"column":13},"end":{"line":26,"column":5}},"line":24}},"branchMap":{"0":{"loc":{"start":{"line":11,"column":6},"end":{"line":21,"column":7}},"type":"if","locations":[{"start":{"line":11,"column":6},"end":{"line":21,"column":7}},{"start":{"line":11,"column":6},"end":{"line":21,"column":7}}],"line":11},"1":{"loc":{"start":{"line":11,"column":10},"end":{"line":11,"column":53}},"type":"binary-expr","locations":[{"start":{"line":11,"column":10},"end":{"line":11,"column":24}},{"start":{"line":11,"column":28},"end":{"line":11,"column":44}},{"start":{"line":11,"column":48},"end":{"line":11,"column":53}}],"line":11},"2":{"loc":{"start":{"line":14,"column":12},"end":{"line":14,"column":66}},"type":"if","locations":[{"start":{"line":14,"column":12},"end":{"line":14,"column":66}},{"start":{"line":14,"column":12},"end":{"line":14,"column":66}}],"line":14},"3":{"loc":{"start":{"line":18,"column":13},"end":{"line":21,"column":7}},"type":"if","locations":[{"start":{"line":18,"column":13},"end":{"line":21,"column":7}},{"start":{"line":18,"column":13},"end":{"line":21,"column":7}}],"line":18},"4":{"loc":{"start":{"line":18,"column":17},"end":{"line":18,"column":61}},"type":"binary-expr","locations":[{"start":{"line":18,"column":17},"end":{"line":18,"column":32}},{"start":{"line":18,"column":36},"end":{"line":18,"column":51}},{"start":{"line":18,"column":55},"end":{"line":18,"column":61}}],"line":18},"5":{"loc":{"start":{"line":25,"column":13},"end":{"line":25,"column":73}},"type":"cond-expr","locations":[{"start":{"line":25,"column":32},"end":{"line":25,"column":66}},{"start":{"line":25,"column":69},"end":{"line":25,"column":73}}],"line":25}},"s":{"0":18,"1":18,"2":0,"3":0,"4":0,"5":18,"6":0,"7":48,"8":1},"f":{"0":1,"1":18,"2":0,"3":48},"b":{"0":[0,18],"1":[18,18,0],"2":[0,0],"3":[0,18],"4":[18,0,0],"5":[47,1]},"_coverageSchema":"332fd63041d2c1bcb487cc26dd0d5f7d97098a6c","hash":"18f23f1a3e73cdfe6edd8543bc3ea3966303f1c5"}
,"C:\\Users\\Justin\\GIT\\libraries\\react-custom-tooltip\\src\\lib\\Tooltip\\index.jsx": {"path":"C:\\Users\\Justin\\GIT\\libraries\\react-custom-tooltip\\src\\lib\\Tooltip\\index.jsx","statementMap":{"0":{"start":{"line":16,"column":4},"end":{"line":28,"column":7}},"1":{"start":{"line":17,"column":19},"end":{"line":17,"column":46}},"2":{"start":{"line":18,"column":19},"end":{"line":18,"column":73}},"3":{"start":{"line":19,"column":6},"end":{"line":23,"column":7}},"4":{"start":{"line":22,"column":8},"end":{"line":22,"column":59}},"5":{"start":{"line":24,"column":6},"end":{"line":27,"column":7}},"6":{"start":{"line":26,"column":8},"end":{"line":26,"column":40}},"7":{"start":{"line":32,"column":4},"end":{"line":32,"column":40}},"8":{"start":{"line":55,"column":8},"end":{"line":55,"column":18}},"9":{"start":{"line":58,"column":26},"end":{"line":59,"column":35}},"10":{"start":{"line":62,"column":6},"end":{"line":63,"column":32}},"11":{"start":{"line":67,"column":6},"end":{"line":67,"column":31}},"12":{"start":{"line":70,"column":21},"end":{"line":75,"column":5}},"13":{"start":{"line":77,"column":18},"end":{"line":80,"column":5}},"14":{"start":{"line":83,"column":28},"end":{"line":83,"column":36}},"15":{"start":{"line":84,"column":20},"end":{"line":84,"column":37}},"16":{"start":{"line":85,"column":23},"end":{"line":85,"column":25}},"17":{"start":{"line":88,"column":20},"end":{"line":91,"column":5}},"18":{"start":{"line":89,"column":6},"end":{"line":89,"column":57}},"19":{"start":{"line":90,"column":6},"end":{"line":90,"column":27}},"20":{"start":{"line":93,"column":4},"end":{"line":107,"column":5}},"21":{"start":{"line":95,"column":8},"end":{"line":95,"column":61}},"22":{"start":{"line":96,"column":8},"end":{"line":96,"column":14}},"23":{"start":{"line":98,"column":8},"end":{"line":98,"column":54}},"24":{"start":{"line":99,"column":8},"end":{"line":99,"column":24}},"25":{"start":{"line":100,"column":8},"end":{"line":100,"column":14}},"26":{"start":{"line":102,"column":8},"end":{"line":102,"column":60}},"27":{"start":{"line":103,"column":8},"end":{"line":103,"column":14}},"28":{"start":{"line":105,"column":8},"end":{"line":105,"column":59}},"29":{"start":{"line":106,"column":8},"end":{"line":106,"column":14}},"30":{"start":{"line":109,"column":19},"end":{"line":112,"column":5}},"31":{"start":{"line":114,"column":16},"end":{"line":114,"column":47}},"32":{"start":{"line":114,"column":23},"end":{"line":114,"column":47}},"33":{"start":{"line":115,"column":17},"end":{"line":120,"column":5}},"34":{"start":{"line":122,"column":29},"end":{"line":123,"column":40}},"35":{"start":{"line":125,"column":4},"end":{"line":150,"column":5}},"36":{"start":{"line":127,"column":8},"end":{"line":127,"column":53}},"37":{"start":{"line":127,"column":22},"end":{"line":127,"column":53}},"38":{"start":{"line":128,"column":8},"end":{"line":128,"column":14}},"39":{"start":{"line":130,"column":8},"end":{"line":130,"column":54}},"40":{"start":{"line":130,"column":22},"end":{"line":130,"column":54}},"41":{"start":{"line":131,"column":8},"end":{"line":131,"column":14}},"42":{"start":{"line":133,"column":8},"end":{"line":133,"column":55}},"43":{"start":{"line":133,"column":22},"end":{"line":133,"column":55}},"44":{"start":{"line":134,"column":8},"end":{"line":134,"column":14}},"45":{"start":{"line":136,"column":8},"end":{"line":136,"column":14}},"46":{"start":{"line":138,"column":8},"end":{"line":144,"column":9}},"47":{"start":{"line":139,"column":10},"end":{"line":139,"column":43}},"48":{"start":{"line":140,"column":10},"end":{"line":143,"column":11}},"49":{"start":{"line":141,"column":12},"end":{"line":141,"column":27}},"50":{"start":{"line":142,"column":12},"end":{"line":142,"column":25}},"51":{"start":{"line":145,"column":8},"end":{"line":148,"column":9}},"52":{"start":{"line":146,"column":10},"end":{"line":146,"column":26}},"53":{"start":{"line":147,"column":10},"end":{"line":147,"column":25}},"54":{"start":{"line":149,"column":8},"end":{"line":149,"column":14}},"55":{"start":{"line":152,"column":23},"end":{"line":152,"column":83}},"56":{"start":{"line":154,"column":4},"end":{"line":165,"column":6}},"57":{"start":{"line":167,"column":4},"end":{"line":195,"column":6}},"58":{"start":{"line":200,"column":0},"end":{"line":221,"column":2}}},"fnMap":{"0":{"name":"(anonymous_0)","decl":{"start":{"line":14,"column":2},"end":{"line":14,"column":3}},"loc":{"start":{"line":14,"column":23},"end":{"line":29,"column":3}},"line":14},"1":{"name":"(anonymous_1)","decl":{"start":{"line":16,"column":36},"end":{"line":16,"column":37}},"loc":{"start":{"line":16,"column":50},"end":{"line":28,"column":5}},"line":16},"2":{"name":"(anonymous_2)","decl":{"start":{"line":31,"column":15},"end":{"line":31,"column":16}},"loc":{"start":{"line":31,"column":25},"end":{"line":33,"column":3}},"line":31},"3":{"name":"(anonymous_3)","decl":{"start":{"line":35,"column":2},"end":{"line":35,"column":3}},"loc":{"start":{"line":35,"column":11},"end":{"line":196,"column":3}},"line":35},"4":{"name":"isAlign","decl":{"start":{"line":61,"column":13},"end":{"line":61,"column":20}},"loc":{"start":{"line":61,"column":26},"end":{"line":64,"column":5}},"line":61},"5":{"name":"isSide","decl":{"start":{"line":66,"column":13},"end":{"line":66,"column":19}},"loc":{"start":{"line":66,"column":25},"end":{"line":68,"column":5}},"line":66},"6":{"name":"(anonymous_6)","decl":{"start":{"line":88,"column":20},"end":{"line":88,"column":21}},"loc":{"start":{"line":88,"column":65},"end":{"line":91,"column":5}},"line":88},"7":{"name":"(anonymous_7)","decl":{"start":{"line":114,"column":16},"end":{"line":114,"column":17}},"loc":{"start":{"line":114,"column":23},"end":{"line":114,"column":47}},"line":114}},"branchMap":{"0":{"loc":{"start":{"line":19,"column":6},"end":{"line":23,"column":7}},"type":"if","locations":[{"start":{"line":19,"column":6},"end":{"line":23,"column":7}},{"start":{"line":19,"column":6},"end":{"line":23,"column":7}}],"line":19},"1":{"loc":{"start":{"line":19,"column":10},"end":{"line":20,"column":50}},"type":"binary-expr","locations":[{"start":{"line":19,"column":10},"end":{"line":19,"column":33}},{"start":{"line":19,"column":37},"end":{"line":19,"column":61}},{"start":{"line":20,"column":11},"end":{"line":20,"column":29}},{"start":{"line":20,"column":33},"end":{"line":20,"column":50}}],"line":19},"2":{"loc":{"start":{"line":24,"column":6},"end":{"line":27,"column":7}},"type":"if","locations":[{"start":{"line":24,"column":6},"end":{"line":27,"column":7}},{"start":{"line":24,"column":6},"end":{"line":27,"column":7}}],"line":24},"3":{"loc":{"start":{"line":24,"column":10},"end":{"line":24,"column":55}},"type":"binary-expr","locations":[{"start":{"line":24,"column":10},"end":{"line":24,"column":34}},{"start":{"line":24,"column":38},"end":{"line":24,"column":55}}],"line":24},"4":{"loc":{"start":{"line":58,"column":26},"end":{"line":59,"column":35}},"type":"cond-expr","locations":[{"start":{"line":59,"column":8},"end":{"line":59,"column":27}},{"start":{"line":59,"column":30},"end":{"line":59,"column":35}}],"line":58},"5":{"loc":{"start":{"line":62,"column":13},"end":{"line":63,"column":31}},"type":"cond-expr","locations":[{"start":{"line":62,"column":26},"end":{"line":62,"column":44}},{"start":{"line":63,"column":10},"end":{"line":63,"column":31}}],"line":62},"6":{"loc":{"start":{"line":93,"column":4},"end":{"line":107,"column":5}},"type":"switch","locations":[{"start":{"line":94,"column":6},"end":{"line":96,"column":14}},{"start":{"line":97,"column":6},"end":{"line":100,"column":14}},{"start":{"line":101,"column":6},"end":{"line":103,"column":14}},{"start":{"line":104,"column":6},"end":{"line":106,"column":14}}],"line":93},"7":{"loc":{"start":{"line":110,"column":9},"end":{"line":110,"column":60}},"type":"binary-expr","locations":[{"start":{"line":110,"column":9},"end":{"line":110,"column":31}},{"start":{"line":110,"column":35},"end":{"line":110,"column":60}}],"line":110},"8":{"loc":{"start":{"line":111,"column":9},"end":{"line":111,"column":60}},"type":"binary-expr","locations":[{"start":{"line":111,"column":9},"end":{"line":111,"column":32}},{"start":{"line":111,"column":36},"end":{"line":111,"column":60}}],"line":111},"9":{"loc":{"start":{"line":122,"column":29},"end":{"line":123,"column":40}},"type":"binary-expr","locations":[{"start":{"line":122,"column":29},"end":{"line":122,"column":42}},{"start":{"line":122,"column":46},"end":{"line":122,"column":57}},{"start":{"line":123,"column":9},"end":{"line":123,"column":22}},{"start":{"line":123,"column":26},"end":{"line":123,"column":40}}],"line":122},"10":{"loc":{"start":{"line":125,"column":4},"end":{"line":150,"column":5}},"type":"switch","locations":[{"start":{"line":126,"column":6},"end":{"line":128,"column":14}},{"start":{"line":129,"column":6},"end":{"line":131,"column":14}},{"start":{"line":132,"column":6},"end":{"line":134,"column":14}},{"start":{"line":135,"column":6},"end":{"line":136,"column":14}},{"start":{"line":137,"column":6},"end":{"line":149,"column":14}}],"line":125},"11":{"loc":{"start":{"line":127,"column":8},"end":{"line":127,"column":53}},"type":"if","locations":[{"start":{"line":127,"column":8},"end":{"line":127,"column":53}},{"start":{"line":127,"column":8},"end":{"line":127,"column":53}}],"line":127},"12":{"loc":{"start":{"line":130,"column":8},"end":{"line":130,"column":54}},"type":"if","locations":[{"start":{"line":130,"column":8},"end":{"line":130,"column":54}},{"start":{"line":130,"column":8},"end":{"line":130,"column":54}}],"line":130},"13":{"loc":{"start":{"line":133,"column":8},"end":{"line":133,"column":55}},"type":"if","locations":[{"start":{"line":133,"column":8},"end":{"line":133,"column":55}},{"start":{"line":133,"column":8},"end":{"line":133,"column":55}}],"line":133},"14":{"loc":{"start":{"line":138,"column":8},"end":{"line":144,"column":9}},"type":"if","locations":[{"start":{"line":138,"column":8},"end":{"line":144,"column":9}},{"start":{"line":138,"column":8},"end":{"line":144,"column":9}}],"line":138},"15":{"loc":{"start":{"line":140,"column":10},"end":{"line":143,"column":11}},"type":"if","locations":[{"start":{"line":140,"column":10},"end":{"line":143,"column":11}},{"start":{"line":140,"column":10},"end":{"line":143,"column":11}}],"line":140},"16":{"loc":{"start":{"line":145,"column":8},"end":{"line":148,"column":9}},"type":"if","locations":[{"start":{"line":145,"column":8},"end":{"line":148,"column":9}},{"start":{"line":145,"column":8},"end":{"line":148,"column":9}}],"line":145},"17":{"loc":{"start":{"line":145,"column":12},"end":{"line":145,"column":41}},"type":"binary-expr","locations":[{"start":{"line":145,"column":12},"end":{"line":145,"column":20}},{"start":{"line":145,"column":24},"end":{"line":145,"column":41}}],"line":145},"18":{"loc":{"start":{"line":163,"column":15},"end":{"line":163,"column":51}},"type":"cond-expr","locations":[{"start":{"line":163,"column":34},"end":{"line":163,"column":38}},{"start":{"line":163,"column":41},"end":{"line":163,"column":51}}],"line":163},"19":{"loc":{"start":{"line":164,"column":14},"end":{"line":164,"column":50}},"type":"cond-expr","locations":[{"start":{"line":164,"column":33},"end":{"line":164,"column":43}},{"start":{"line":164,"column":46},"end":{"line":164,"column":50}}],"line":164},"20":{"loc":{"start":{"line":176,"column":23},"end":{"line":176,"column":84}},"type":"cond-expr","locations":[{"start":{"line":176,"column":30},"end":{"line":176,"column":53}},{"start":{"line":176,"column":56},"end":{"line":176,"column":84}}],"line":176}},"s":{"0":29,"1":638,"2":638,"3":638,"4":0,"5":638,"6":0,"7":4,"8":51,"9":51,"10":305,"11":202,"12":51,"13":51,"14":51,"15":51,"16":51,"17":51,"18":51,"19":51,"20":51,"21":6,"22":6,"23":3,"24":3,"25":3,"26":39,"27":39,"28":3,"29":3,"30":51,"31":51,"32":204,"33":51,"34":51,"35":51,"36":2,"37":2,"38":2,"39":2,"40":2,"41":2,"42":2,"43":2,"44":2,"45":2,"46":43,"47":38,"48":38,"49":38,"50":38,"51":43,"52":5,"53":5,"54":43,"55":51,"56":51,"57":51,"58":1},"f":{"0":29,"1":638,"2":4,"3":51,"4":305,"5":202,"6":51,"7":204},"b":{"0":[0,638],"1":[638,609,580,551],"2":[0,638],"3":[638,29],"4":[0,51],"5":[160,145],"6":[6,3,39,3],"7":[51,48],"8":[51,48],"9":[51,51,51,51],"10":[2,2,2,2,43],"11":[2,0],"12":[2,0],"13":[2,0],"14":[38,5],"15":[38,0],"16":[5,38],"17":[43,5],"18":[0,51],"19":[0,51],"20":[51,0]},"_coverageSchema":"332fd63041d2c1bcb487cc26dd0d5f7d97098a6c","hash":"e3aad530e11706967dc5e8f565efb2db9438b3aa"}
}
