TN:
SF:C:\Users\Justin\GIT\libraries\react-custom-tooltip\jest.setup.js
FNF:0
FNH:0
DA:6,2
LF:1
LH:1
BRF:0
BRH:0
end_of_record
TN:
SF:C:\Users\Justin\GIT\libraries\react-custom-tooltip\src\lib\Tooltip\Arrow.jsx
FN:3,(anonymous_0)
FNF:1
FNH:1
FNDA:47,(anonymous_0)
DA:3,1
DA:9,47
DA:10,47
DA:12,47
LF:4
LH:4
BRDA:9,0,0,2
BRDA:9,0,1,45
BRDA:10,1,0,1
BRDA:10,1,1,46
BRF:4
BRH:4
end_of_record
TN:
SF:C:\Users\Justin\GIT\libraries\react-custom-tooltip\src\lib\Tooltip\TextBox.jsx
FN:11,(anonymous_0)
FN:13,(anonymous_1)
FN:17,(anonymous_2)
FN:22,(anonymous_3)
FN:29,(anonymous_4)
FN:43,(anonymous_5)
FN:68,(anonymous_6)
FN:72,(anonymous_7)
FN:76,(anonymous_8)
FN:90,(anonymous_9)
FN:106,(anonymous_10)
FN:112,(anonymous_11)
FN:195,(anonymous_12)
FNF:13
FNH:13
FNDA:25,(anonymous_0)
FNDA:27,(anonymous_1)
FNDA:27,(anonymous_2)
FNDA:1,(anonymous_3)
FNDA:3,(anonymous_4)
FNDA:72,(anonymous_5)
FNDA:144,(anonymous_6)
FNDA:72,(anonymous_7)
FNDA:69,(anonymous_8)
FNDA:76,(anonymous_9)
FNDA:152,(anonymous_10)
FNDA:3,(anonymous_11)
FNDA:288,(anonymous_12)
DA:12,25
DA:13,27
DA:14,25
DA:15,25
DA:16,25
DA:17,27
DA:19,25
DA:23,1
DA:24,1
DA:30,3
DA:31,3
DA:32,3
DA:38,2
DA:40,1
DA:59,72
DA:66,72
DA:68,72
DA:69,144
DA:72,72
DA:73,72
DA:76,72
DA:77,69
DA:78,61
DA:80,8
DA:81,2
DA:83,6
DA:86,72
DA:87,72
DA:88,72
DA:90,72
DA:91,76
DA:95,76
DA:96,76
DA:97,2
DA:98,2
DA:100,76
DA:101,0
DA:104,76
DA:106,152
DA:108,76
DA:112,3
DA:114,76
DA:117,72
DA:118,72
DA:119,72
DA:121,72
DA:122,72
DA:124,72
DA:126,1
DA:127,71
DA:128,0
DA:131,72
DA:133,1
DA:134,1
DA:136,1
DA:137,1
DA:139,69
DA:140,69
DA:142,0
DA:143,0
DA:145,0
DA:146,0
DA:147,0
DA:149,0
DA:150,0
DA:152,0
DA:156,1
DA:159,72
DA:163,3
DA:164,3
DA:166,3
DA:167,3
DA:169,60
DA:170,60
DA:172,6
DA:175,72
DA:177,72
DA:178,72
DA:179,72
DA:180,72
DA:183,72
DA:191,72
DA:192,72
DA:193,72
DA:194,72
DA:195,288
DA:197,72
LF:87
LH:77
BRDA:32,0,0,2
BRDA:32,0,1,1
BRDA:32,1,0,3
BRDA:32,1,1,2
BRDA:32,1,2,2
BRDA:32,1,3,2
BRDA:32,1,4,0
BRDA:32,1,5,0
BRDA:32,1,6,0
BRDA:32,1,7,0
BRDA:69,2,0,128
BRDA:69,2,1,16
BRDA:70,3,0,4
BRDA:70,3,1,12
BRDA:73,4,0,72
BRDA:73,4,1,72
BRDA:73,5,0,72
BRDA:73,5,1,61
BRDA:77,6,0,61
BRDA:77,6,1,8
BRDA:80,7,0,2
BRDA:80,7,1,6
BRDA:95,8,0,0
BRDA:95,8,1,76
BRDA:96,9,0,2
BRDA:96,9,1,74
BRDA:96,10,0,76
BRDA:96,10,1,74
BRDA:100,11,0,0
BRDA:100,11,1,76
BRDA:100,12,0,76
BRDA:100,12,1,1
BRDA:124,13,0,1
BRDA:124,13,1,71
BRDA:124,14,0,72
BRDA:124,14,1,1
BRDA:124,14,2,1
BRDA:127,15,0,0
BRDA:127,15,1,71
BRDA:131,16,0,1
BRDA:131,16,1,1
BRDA:131,16,2,69
BRDA:131,16,3,0
BRDA:131,16,4,0
BRDA:131,16,5,1
BRDA:142,17,0,0
BRDA:142,17,1,0
BRDA:146,18,0,0
BRDA:146,18,1,0
BRDA:149,19,0,0
BRDA:149,19,1,0
BRDA:159,20,0,3
BRDA:159,20,1,3
BRDA:159,20,2,60
BRDA:159,20,3,6
BRDA:177,21,0,72
BRDA:177,21,1,0
BRDA:179,22,0,0
BRDA:179,22,1,72
BRDA:180,23,0,0
BRDA:180,23,1,72
BRDA:191,24,0,1
BRDA:191,24,1,71
BRDA:192,25,0,0
BRDA:192,25,1,72
BRDA:193,26,0,72
BRDA:193,26,1,72
BRDA:194,27,0,0
BRDA:194,27,1,72
BRDA:195,28,0,0
BRDA:195,28,1,288
BRDA:224,29,0,70
BRDA:224,29,1,2
BRF:73
BRH:52
end_of_record
TN:
SF:C:\Users\Justin\GIT\libraries\react-custom-tooltip\src\lib\Tooltip\delayUnmount.jsx
FN:3,(anonymous_0)
FN:9,(anonymous_1)
FN:13,(anonymous_2)
FN:24,(anonymous_3)
FNF:4
FNH:3
FNDA:1,(anonymous_0)
FNDA:18,(anonymous_1)
FNDA:0,(anonymous_2)
FNDA:48,(anonymous_3)
DA:10,18
DA:11,18
DA:12,0
DA:14,0
DA:18,18
DA:20,0
DA:25,48
DA:28,1
LF:8
LH:5
BRDA:11,0,0,0
BRDA:11,0,1,18
BRDA:11,1,0,18
BRDA:11,1,1,18
BRDA:11,1,2,0
BRDA:14,2,0,0
BRDA:14,2,1,0
BRDA:18,3,0,0
BRDA:18,3,1,18
BRDA:18,4,0,18
BRDA:18,4,1,0
BRDA:18,4,2,0
BRDA:25,5,0,47
BRDA:25,5,1,1
BRF:14
BRH:7
end_of_record
TN:
SF:C:\Users\Justin\GIT\libraries\react-custom-tooltip\src\lib\Tooltip\index.jsx
FN:14,(anonymous_0)
FN:16,(anonymous_1)
FN:31,(anonymous_2)
FN:35,(anonymous_3)
FN:61,isAlign
FN:66,isSide
FN:88,(anonymous_6)
FN:114,(anonymous_7)
FNF:8
FNH:8
FNDA:29,(anonymous_0)
FNDA:638,(anonymous_1)
FNDA:4,(anonymous_2)
FNDA:51,(anonymous_3)
FNDA:305,isAlign
FNDA:202,isSide
FNDA:51,(anonymous_6)
FNDA:204,(anonymous_7)
DA:16,29
DA:17,638
DA:18,638
DA:19,638
DA:22,0
DA:24,638
DA:26,0
DA:32,4
DA:55,51
DA:58,51
DA:62,305
DA:67,202
DA:70,51
DA:77,51
DA:83,51
DA:84,51
DA:85,51
DA:88,51
DA:89,51
DA:90,51
DA:93,51
DA:95,6
DA:96,6
DA:98,3
DA:99,3
DA:100,3
DA:102,39
DA:103,39
DA:105,3
DA:106,3
DA:109,51
DA:114,204
DA:115,51
DA:122,51
DA:125,51
DA:127,2
DA:128,2
DA:130,2
DA:131,2
DA:133,2
DA:134,2
DA:136,2
DA:138,43
DA:139,38
DA:140,38
DA:141,38
DA:142,38
DA:145,43
DA:146,5
DA:147,5
DA:149,43
DA:152,51
DA:154,51
DA:167,51
DA:200,1
LF:55
LH:53
BRDA:19,0,0,0
BRDA:19,0,1,638
BRDA:19,1,0,638
BRDA:19,1,1,609
BRDA:19,1,2,580
BRDA:19,1,3,551
BRDA:24,2,0,0
BRDA:24,2,1,638
BRDA:24,3,0,638
BRDA:24,3,1,29
BRDA:58,4,0,0
BRDA:58,4,1,51
BRDA:62,5,0,160
BRDA:62,5,1,145
BRDA:93,6,0,6
BRDA:93,6,1,3
BRDA:93,6,2,39
BRDA:93,6,3,3
BRDA:110,7,0,51
BRDA:110,7,1,48
BRDA:111,8,0,51
BRDA:111,8,1,48
BRDA:122,9,0,51
BRDA:122,9,1,51
BRDA:122,9,2,51
BRDA:122,9,3,51
BRDA:125,10,0,2
BRDA:125,10,1,2
BRDA:125,10,2,2
BRDA:125,10,3,2
BRDA:125,10,4,43
BRDA:127,11,0,2
BRDA:127,11,1,0
BRDA:130,12,0,2
BRDA:130,12,1,0
BRDA:133,13,0,2
BRDA:133,13,1,0
BRDA:138,14,0,38
BRDA:138,14,1,5
BRDA:140,15,0,38
BRDA:140,15,1,0
BRDA:145,16,0,5
BRDA:145,16,1,38
BRDA:145,17,0,43
BRDA:145,17,1,5
BRDA:163,18,0,0
BRDA:163,18,1,51
BRDA:164,19,0,0
BRDA:164,19,1,51
BRDA:176,20,0,51
BRDA:176,20,1,0
BRF:51
BRH:41
end_of_record
