TN:
SF:C:\Users\Justin\GIT\libraries\react-custom-tooltip\jest.setup.js
FNF:0
FNH:0
DA:6,1
LF:1
LH:1
BRF:0
BRH:0
end_of_record
TN:
SF:C:\Users\Justin\GIT\libraries\react-custom-tooltip\src\lib\Tooltip\Arrow.jsx
FN:3,(anonymous_0)
FNF:1
FNH:1
FNDA:38,(anonymous_0)
DA:3,1
DA:9,38
DA:10,38
DA:12,38
LF:4
LH:4
BRDA:9,0,0,2
BRDA:9,0,1,36
BRDA:10,1,0,1
BRDA:10,1,1,37
BRF:4
BRH:4
end_of_record
TN:
SF:C:\Users\Justin\GIT\libraries\react-custom-tooltip\src\lib\Tooltip\TextBox.jsx
FN:11,(anonymous_0)
FN:13,(anonymous_1)
FN:17,(anonymous_2)
FN:22,(anonymous_3)
FN:29,(anonymous_4)
FN:43,(anonymous_5)
FN:68,(anonymous_6)
FN:72,(anonymous_7)
FN:76,(anonymous_8)
FN:90,(anonymous_9)
FN:106,(anonymous_10)
FN:112,(anonymous_11)
FN:195,(anonymous_12)
FNF:13
FNH:13
FNDA:34,(anonymous_0)
FNDA:36,(anonymous_1)
FNDA:36,(anonymous_2)
FNDA:1,(anonymous_3)
FNDA:3,(anonymous_4)
FNDA:72,(anonymous_5)
FNDA:144,(anonymous_6)
FNDA:78,(anonymous_7)
FNDA:72,(anonymous_8)
FNDA:76,(anonymous_9)
FNDA:140,(anonymous_10)
FNDA:3,(anonymous_11)
FNDA:288,(anonymous_12)
DA:12,34
DA:13,36
DA:14,34
DA:15,34
DA:16,34
DA:17,36
DA:19,34
DA:23,1
DA:24,1
DA:30,3
DA:31,3
DA:32,3
DA:38,2
DA:40,1
DA:59,72
DA:66,72
DA:68,72
DA:69,144
DA:72,72
DA:73,78
DA:76,72
DA:77,72
DA:78,56
DA:80,16
DA:81,4
DA:83,12
DA:86,72
DA:87,72
DA:88,72
DA:90,72
DA:91,76
DA:95,76
DA:96,76
DA:97,2
DA:98,2
DA:100,76
DA:101,0
DA:104,76
DA:106,140
DA:108,76
DA:112,3
DA:114,76
DA:117,72
DA:118,72
DA:119,72
DA:121,72
DA:122,72
DA:124,72
DA:126,0
DA:127,72
DA:128,0
DA:131,72
DA:133,0
DA:134,0
DA:136,0
DA:137,0
DA:139,72
DA:140,72
DA:142,0
DA:143,0
DA:145,0
DA:146,0
DA:147,0
DA:149,0
DA:150,0
DA:152,0
DA:154,0
DA:156,0
DA:159,72
DA:161,6
DA:163,6
DA:164,6
DA:166,6
DA:167,6
DA:169,54
DA:170,54
DA:172,0
DA:175,72
DA:177,72
DA:178,72
DA:179,72
DA:180,72
DA:183,72
DA:191,72
DA:192,72
DA:193,72
DA:194,72
DA:195,288
DA:197,72
LF:89
LH:71
BRDA:32,0,0,2
BRDA:32,0,1,1
BRDA:32,1,0,3
BRDA:32,1,1,2
BRDA:32,1,2,2
BRDA:32,1,3,2
BRDA:32,1,4,0
BRDA:32,1,5,0
BRDA:32,1,6,0
BRDA:32,1,7,0
BRDA:69,2,0,112
BRDA:69,2,1,32
BRDA:70,3,0,8
BRDA:70,3,1,24
BRDA:73,4,0,78
BRDA:73,4,1,78
BRDA:73,5,0,78
BRDA:73,5,1,56
BRDA:77,6,0,56
BRDA:77,6,1,16
BRDA:80,7,0,4
BRDA:80,7,1,12
BRDA:95,8,0,0
BRDA:95,8,1,76
BRDA:96,9,0,2
BRDA:96,9,1,74
BRDA:96,10,0,76
BRDA:96,10,1,73
BRDA:100,11,0,0
BRDA:100,11,1,76
BRDA:100,12,0,76
BRDA:100,12,1,2
BRDA:124,13,0,0
BRDA:124,13,1,72
BRDA:124,14,0,72
BRDA:124,14,1,0
BRDA:124,14,2,0
BRDA:127,15,0,0
BRDA:127,15,1,72
BRDA:131,16,0,0
BRDA:131,16,1,0
BRDA:131,16,2,72
BRDA:131,16,3,0
BRDA:131,16,4,0
BRDA:131,16,5,0
BRDA:131,16,6,0
BRDA:142,17,0,0
BRDA:142,17,1,0
BRDA:146,18,0,0
BRDA:146,18,1,0
BRDA:149,19,0,0
BRDA:149,19,1,0
BRDA:159,20,0,6
BRDA:159,20,1,6
BRDA:159,20,2,6
BRDA:159,20,3,54
BRDA:159,20,4,0
BRDA:177,21,0,72
BRDA:177,21,1,0
BRDA:179,22,0,0
BRDA:179,22,1,72
BRDA:180,23,0,0
BRDA:180,23,1,72
BRDA:191,24,0,2
BRDA:191,24,1,70
BRDA:192,25,0,0
BRDA:192,25,1,72
BRDA:193,26,0,72
BRDA:193,26,1,72
BRDA:194,27,0,0
BRDA:194,27,1,72
BRDA:195,28,0,0
BRDA:195,28,1,288
BRDA:224,29,0,69
BRDA:224,29,1,3
BRF:75
BRH:46
end_of_record
TN:
SF:C:\Users\Justin\GIT\libraries\react-custom-tooltip\src\lib\Tooltip\delayUnmount.jsx
FN:3,(anonymous_0)
FN:9,(anonymous_1)
FN:13,(anonymous_2)
FN:24,(anonymous_3)
FNF:4
FNH:2
FNDA:1,(anonymous_0)
FNDA:0,(anonymous_1)
FNDA:0,(anonymous_2)
FNDA:39,(anonymous_3)
DA:10,0
DA:11,0
DA:12,0
DA:14,0
DA:18,0
DA:20,0
DA:25,39
DA:28,1
LF:8
LH:2
BRDA:11,0,0,0
BRDA:11,0,1,0
BRDA:11,1,0,0
BRDA:11,1,1,0
BRDA:11,1,2,0
BRDA:14,2,0,0
BRDA:14,2,1,0
BRDA:18,3,0,0
BRDA:18,3,1,0
BRDA:18,4,0,0
BRDA:18,4,1,0
BRDA:18,4,2,0
BRDA:25,5,0,38
BRDA:25,5,1,1
BRF:14
BRH:2
end_of_record
TN:
SF:C:\Users\Justin\GIT\libraries\react-custom-tooltip\src\lib\Tooltip\index.jsx
FN:14,(anonymous_0)
FN:16,(anonymous_1)
FN:31,(anonymous_2)
FN:35,(anonymous_3)
FN:61,isAlign
FN:66,isSide
FN:88,(anonymous_6)
FN:114,(anonymous_7)
FNF:8
FNH:8
FNDA:38,(anonymous_0)
FNDA:839,(anonymous_1)
FNDA:4,(anonymous_2)
FNDA:42,(anonymous_3)
FNDA:322,isAlign
FNDA:164,isSide
FNDA:42,(anonymous_6)
FNDA:168,(anonymous_7)
DA:16,38
DA:17,839
DA:18,839
DA:19,839
DA:22,0
DA:24,839
DA:26,0
DA:32,4
DA:55,42
DA:58,42
DA:62,322
DA:67,164
DA:70,42
DA:77,42
DA:83,42
DA:84,42
DA:85,42
DA:88,42
DA:89,42
DA:90,42
DA:93,42
DA:95,3
DA:96,3
DA:98,3
DA:99,3
DA:100,3
DA:102,33
DA:103,33
DA:105,3
DA:106,3
DA:109,42
DA:114,168
DA:115,42
DA:122,42
DA:125,42
DA:127,2
DA:128,2
DA:130,2
DA:131,2
DA:133,2
DA:134,2
DA:136,2
DA:138,34
DA:139,32
DA:140,32
DA:141,32
DA:142,32
DA:145,34
DA:146,2
DA:147,2
DA:149,34
DA:152,42
DA:154,42
DA:167,42
DA:200,1
LF:55
LH:53
BRDA:19,0,0,0
BRDA:19,0,1,839
BRDA:19,1,0,839
BRDA:19,1,1,801
BRDA:19,1,2,763
BRDA:19,1,3,723
BRDA:24,2,0,0
BRDA:24,2,1,839
BRDA:24,3,0,839
BRDA:24,3,1,38
BRDA:58,4,0,0
BRDA:58,4,1,42
BRDA:62,5,0,176
BRDA:62,5,1,146
BRDA:93,6,0,3
BRDA:93,6,1,3
BRDA:93,6,2,33
BRDA:93,6,3,3
BRDA:110,7,0,42
BRDA:110,7,1,39
BRDA:111,8,0,42
BRDA:111,8,1,39
BRDA:122,9,0,42
BRDA:122,9,1,42
BRDA:122,9,2,42
BRDA:122,9,3,42
BRDA:125,10,0,2
BRDA:125,10,1,2
BRDA:125,10,2,2
BRDA:125,10,3,2
BRDA:125,10,4,34
BRDA:127,11,0,2
BRDA:127,11,1,0
BRDA:130,12,0,2
BRDA:130,12,1,0
BRDA:133,13,0,2
BRDA:133,13,1,0
BRDA:138,14,0,32
BRDA:138,14,1,2
BRDA:140,15,0,32
BRDA:140,15,1,0
BRDA:145,16,0,2
BRDA:145,16,1,32
BRDA:145,17,0,34
BRDA:145,17,1,2
BRDA:163,18,0,0
BRDA:163,18,1,42
BRDA:164,19,0,0
BRDA:164,19,1,42
BRDA:176,20,0,42
BRDA:176,20,1,0
BRF:51
BRH:41
end_of_record
